This is pdfTeX, Version 3.1415926-2.3-1.40.12 (MiKTeX 2.9) (preloaded format=pdftex 2014.1.4)  4 JAN 2014 09:40
entering extended mode
**C:/Users/Reinhard/Documents/FH-Hagenberg/HSD/Bsc*Arbeit/literatur.bib
("C:/Users/Reinhard/Documents/FH-Hagenberg/HSD/Bsc Arbeit/literatur.bib"
Overfull \hbox (15.13518pt too wide) in paragraph at lines 2--11
\tenrm age, year=2002, ver-sion=2.0, url=ftp://ftp.ams.org/pub/tex/doc/amsmath/
amsldoc.pdf, hy-phen-ation=english,|

\hbox(7.5+2.5)x469.75499, glue set - 1.0
.\tenrm a
.\tenrm g
.\tenrm e
.\tenrm ,
.\glue 3.33333 plus 2.08331 minus 0.88889
.etc.


Overfull \hbox (25.85713pt too wide) in paragraph at lines 12--24
\tenrm Up-per Aus-tria, Dig-i-tale Me-dien, ad-dress=Hagenberg, Aus-tria, url=h
ttp://theses.fh-hagenberg.at/thesis/Artner07,|

\hbox(7.5+2.5)x469.75499, glue set - 1.0
.\tenrm U
.\tenrm p
.\discretionary
..\tenrm -
.\tenrm p
.\kern0.27779
.etc.

Missing character: There is no Ã in font cmr10!
Missing character: There is no ¶ in font cmr10!
Missing character: There is no Ã in font cmr10!
Missing character: There is no Ÿ in font cmr10!
Missing character: There is no Ã in font cmr10!
Missing character: There is no ¤ in font cmr10!

Overfull \hbox (2.4404pt too wide) in paragraph at lines 25--36
[]\tenrm @thesisBacher04, au-thor=Bacher, Flo-rian, ti-tle=Interaktionsmglichke
iten mit Bild-schir-men und groflchi-|

\hbox(6.94444+1.94444)x469.75499, glue set - 1.0
.\hbox(0.0+0.0)x20.0
.\tenrm @
.\tenrm t
.\tenrm h
.\tenrm e
.etc.


Overfull \hbox (97.49619pt too wide) in paragraph at lines 25--36
\tenrm Up-per Aus-tria, Me-di-en-tech-nik und -design, ad-dress=Hagenberg, Aus-
tria, hy-phen-ation=german, key-words=bachelorarbeitexample1|

\hbox(6.94444+1.94444)x469.75499, glue set - 1.0
.\tenrm U
.\tenrm p
.\discretionary
..\tenrm -
.\tenrm p
.\kern0.27779
.etc.


Underfull \hbox (badness 10000) in paragraph at lines 25--36


\hbox(0.0+0.0)x469.75499
.\glue(\rightskip) 0.0


Overfull \hbox (46.46828pt too wide) in paragraph at lines 37--45
\tenrm TeX's stan-dard doc-u-ment classes, month=4, year=2008, url=www.ctan.org
/tex-archive/macros/latex/required/babel/,|

\hbox(7.5+2.5)x469.75499, glue set - 1.0
.\tenrm T
.\kern-0.83334
.\tenrm e
.\tenrm X
.\tenrm '
.etc.

Missing character: There is no Ã in font cmr10!
Missing character: There is no ¼ in font cmr10!

Overfull \hbox (4.77385pt too wide) in paragraph at lines 61--72
\tenrm Eine Einfhrung mit Java und Im-ageJ, publisher=Springer-Verlag, lo-ca-ti
on=Heidelberg, edi-tion=2, year=2006,|

\hbox(6.94444+1.94444)x469.75499, glue set - 1.0
.\tenrm E
.\tenrm i
.\tenrm n
.\tenrm e
.\glue 3.33333 plus 1.66666 minus 1.11111
.etc.


Overfull \hbox (6.30153pt too wide) in paragraph at lines 83--91
[]\tenrm @manualCarlisle99, au-thor=Carlisle, D. P., ti-tle=Packages in the `gr
aph-ics' bun-dle, year=1999, month=1,|

\hbox(6.94444+1.94444)x469.75499, glue set - 1.0
.\hbox(0.0+0.0)x20.0
.\tenrm @
.\tenrm m
.\tenrm a
.\tenrm n
.etc.


Overfull \hbox (6.57942pt too wide) in paragraph at lines 92--97
[]\tenrm @onlineCocaCola1940, au-thor=Wolcott,Marion Post, year=1940, url=http:
//www.arspublik.com/public-|

\hbox(7.5+2.5)x469.75499, glue set - 1.0
.\hbox(0.0+0.0)x20.0
.\tenrm @
.\tenrm o
.\tenrm n
.\tenrm l
.etc.


Overfull \hbox (21.27332pt too wide) in paragraph at lines 98--106
[]\tenrm @manualCochran95, au-thor=Cochran, Steven Dou-glas, ti-tle=The \tentt 
sub-fig-ure \tenrm Pack-age, year=1995, month=3,|

\hbox(6.94444+2.22223)x469.75499, glue set - 1.0
.\hbox(0.0+0.0)x20.0
.\tenrm @
.\tenrm m
.\tenrm a
.\tenrm n
.etc.


Overfull \hbox (16.77393pt too wide) in paragraph at lines 98--106
\tenrm url=www.tex.ac.uk/tex-archive/macros/latex/contrib/supported/subfigure/s
ubfigure.pdf, hy-phen-ation=english|

\hbox(7.5+2.5)x469.75499, glue set - 1.0
.\tenrm u
.\tenrm r
.\tenrm l
.\tenrm =
.\tenrm w
.etc.


Underfull \hbox (badness 10000) in paragraph at lines 98--106


\hbox(0.0+0.0)x469.75499
.\glue(\rightskip) 0.0

! Missing $ inserted.
<inserted text> 
                $
<to be read again> 
                   _
l.116 ...ww.nasa.gov/centers/dryden/pdf/87528main_
                                                  RM-L8A05A.pdf},
? 
! Emergency stop.
<inserted text> 
                $
<to be read again> 
                   _
l.116 ...ww.nasa.gov/centers/dryden/pdf/87528main_
                                                  RM-L8A05A.pdf},
End of file on the terminal!

!  ==> Fatal error occurred, no output PDF file produced!
